C51 COMPILER V9.60.0.0   SREVO                                                             12/18/2021 06:27:21 PAGE 1   


C51 COMPILER V9.60.0.0, COMPILATION OF MODULE SREVO
OBJECT MODULE PLACED IN .\Objects\srevo.obj
COMPILER INVOKED BY: C:\Keil_v5\C51\BIN\C51.EXE srevo.c OPTIMIZE(8,SPEED) BROWSE DEBUG OBJECTEXTEND PRINT(.\Listings\sre
                    -vo.lst) TABS(2) OBJECT(.\Objects\srevo.obj)

line level    source

   1          #include<reg51.h>
   2          void mydelay(unsigned int time){
   3   1        unsigned int i,j;
   4   1        for(i=0;i<time;i++){
   5   2          for(j=0;j<1000;j++);
   6   2        }   
   7   1      }
   8          void main (void){
   9   1        int i;
  10   1          unsigned int m[]={0x06,0x0C,0x09,0x03};
  11   1          while(1){
  12   2            for(i=3; i>=0;i--){
  13   3                P2=m[i];
  14   3                mydelay(200);
  15   3            }
  16   2          }
  17   1      }     


MODULE INFORMATION:   STATIC OVERLAYABLE
   CODE SIZE        =     93    ----
   CONSTANT SIZE    =      8    ----
   XDATA SIZE       =   ----    ----
   PDATA SIZE       =   ----    ----
   DATA SIZE        =   ----       8
   IDATA SIZE       =   ----    ----
   BIT SIZE         =   ----    ----
END OF MODULE INFORMATION.


C51 COMPILATION COMPLETE.  0 WARNING(S),  0 ERROR(S)
