C51 COMPILER V9.60.0.0   7_SEGMENT_DISPLAY                                                 12/22/2021 01:03:20 PAGE 1   


C51 COMPILER V9.60.0.0, COMPILATION OF MODULE 7_SEGMENT_DISPLAY
OBJECT MODULE PLACED IN .\Objects\7_segment_display.obj
COMPILER INVOKED BY: D:\KEIL\C51\BIN\C51.EXE 7_segment_display.c OPTIMIZE(8,SPEED) BROWSE DEBUG OBJECTEXTEND PRINT(.\Lis
                    -tings\7_segment_display.lst) TABS(2) OBJECT(.\Objects\7_segment_display.obj)

line level    source

   1          #include<reg51.h>
   2          void delay(int d);
   3          void main(){
   4   1      int i,j;
   5   1      unsigned char seg[]={0x03,0x9f,0x25,0x0D,0x99,0x49,0x41,0x01,0x09};
   6   1      while(1){
   7   2      P1=0x00;
   8   2      for(i=0;i<10;i++){
   9   3      for(j=0;j<10;j++){
  10   4      P2=0x01;
  11   4      P1=seg[i];
  12   4      delay(100);
  13   4      P2=0x02;
  14   4      P1=seg[j];
  15   4      delay(100);
  16   4      }
  17   3      }
  18   2      }
  19   1      }
  20          void delay(int d){
  21   1      int i,l;
  22   1      for(i=0;i<d;i++){
  23   2      for(l=0;l<50;l++){
  24   3      }
  25   2      }
  26   1      }


MODULE INFORMATION:   STATIC OVERLAYABLE
   CODE SIZE        =    137    ----
   CONSTANT SIZE    =      9    ----
   XDATA SIZE       =   ----    ----
   PDATA SIZE       =   ----    ----
   DATA SIZE        =   ----      13
   IDATA SIZE       =   ----    ----
   BIT SIZE         =   ----    ----
END OF MODULE INFORMATION.


C51 COMPILATION COMPLETE.  0 WARNING(S),  0 ERROR(S)
