C51 COMPILER V9.60.0.0   LED_COUNTER                                                       12/22/2021 10:46:48 PAGE 1   


C51 COMPILER V9.60.0.0, COMPILATION OF MODULE LED_COUNTER
OBJECT MODULE PLACED IN .\Objects\led_counter.obj
COMPILER INVOKED BY: D:\KEIL\C51\BIN\C51.EXE led_counter.c OPTIMIZE(8,SPEED) BROWSE DEBUG OBJECTEXTEND PRINT(.\Listings\
                    -led_counter.lst) TABS(2) OBJECT(.\Objects\led_counter.obj)

line level    source

   1          #include <reg51.h>
   2          void mydelay(unsigned int time);
   3          void main(void)
   4          {
   5   1      unsigned int i;
   6   1      P1=0x00;
   7   1      mydelay(200);
   8   1      for (i=255;i>=0;i--)
   9   1      {
  10   2      P1=i;
  11   2      mydelay(200);
  12   2      };
  13   1      }
  14          void mydelay(unsigned int time)
  15          {
  16   1      unsigned int i,j;
  17   1      for (i=0;i<time;i++)
  18   1      for (j=0;j<1200;j++);
  19   1      }


MODULE INFORMATION:   STATIC OVERLAYABLE
   CODE SIZE        =     73    ----
   CONSTANT SIZE    =   ----    ----
   XDATA SIZE       =   ----    ----
   PDATA SIZE       =   ----    ----
   DATA SIZE        =   ----       2
   IDATA SIZE       =   ----    ----
   BIT SIZE         =   ----    ----
END OF MODULE INFORMATION.


C51 COMPILATION COMPLETE.  0 WARNING(S),  0 ERROR(S)
