C51 COMPILER V9.60.0.0   SINE_WAVE                                                         12/21/2021 23:22:48 PAGE 1   


C51 COMPILER V9.60.0.0, COMPILATION OF MODULE SINE_WAVE
OBJECT MODULE PLACED IN .\Objects\sine_wave.obj
COMPILER INVOKED BY: D:\KEIL\C51\BIN\C51.EXE sine_wave.c OPTIMIZE(8,SPEED) BROWSE DEBUG OBJECTEXTEND PRINT(.\Listings\si
                    -ne_wave.lst) TABS(2) OBJECT(.\Objects\sine_wave.obj)

line level    source

   1          #include <reg51.h>
   2          void main(void) {
   3   1      unsigned char i;
   4   1      unsigned char values[] = {128, 192, 238, 255, 238, 192, 128, 64, 17, 0, 17, 64, 128};
   5   1      P1 = 0x00;
   6   1      while(1) {
   7   2      for(i = 0; i < 13; i++) {
   8   3      P1 = values[i];
   9   3      }
  10   2      }
  11   1      }


MODULE INFORMATION:   STATIC OVERLAYABLE
   CODE SIZE        =     44    ----
   CONSTANT SIZE    =     13    ----
   XDATA SIZE       =   ----    ----
   PDATA SIZE       =   ----    ----
   DATA SIZE        =   ----      13
   IDATA SIZE       =   ----    ----
   BIT SIZE         =   ----    ----
END OF MODULE INFORMATION.


C51 COMPILATION COMPLETE.  0 WARNING(S),  0 ERROR(S)
