C51 COMPILER V9.60.0.0   STEPPER_MOTOR                                                     12/21/2021 23:56:28 PAGE 1   


C51 COMPILER V9.60.0.0, COMPILATION OF MODULE STEPPER_MOTOR
OBJECT MODULE PLACED IN .\Objects\stepper_motor.obj
COMPILER INVOKED BY: D:\KEIL\C51\BIN\C51.EXE stepper_motor.c OPTIMIZE(8,SPEED) BROWSE DEBUG OBJECTEXTEND PRINT(.\Listing
                    -s\stepper_motor.lst) TABS(2) OBJECT(.\Objects\stepper_motor.obj)

line level    source

   1          #include<reg51.h>
   2          #define ON 1
   3          #define OFF 0
   4          unsigned int i,j;
   5          void delay(){
   6   1      
   7   1      TMOD = 0x01;
   8   1      TH0 = 0xFC;
   9   1      TL0 = 0x66;
  10   1      TR0 = 1;
  11   1      while(TF0 == 0);{
  12   2      TR0 = 0;
  13   2      TF0 = 0;
  14   2      }
  15   1      }
  16          void main(){
  17   1      int rot_angle[]={0x04,0x08,0x02,0x01};
  18   1      while(1){
  19   2      for(i=0;i<4;i++){
  20   3      P2 = rot_angle[i];
  21   3      for(j=0;j<500;j++){
  22   4      delay();
  23   4      }
  24   3      }
  25   2      }
  26   1      }


MODULE INFORMATION:   STATIC OVERLAYABLE
   CODE SIZE        =     98    ----
   CONSTANT SIZE    =      8    ----
   XDATA SIZE       =   ----    ----
   PDATA SIZE       =   ----    ----
   DATA SIZE        =      4       8
   IDATA SIZE       =   ----    ----
   BIT SIZE         =   ----    ----
END OF MODULE INFORMATION.


C51 COMPILATION COMPLETE.  0 WARNING(S),  0 ERROR(S)
