C51 COMPILER V9.60.0.0   SAWTOOTHWAVE                                                      12/23/2021 11:26:54 PAGE 1   


C51 COMPILER V9.60.0.0, COMPILATION OF MODULE SAWTOOTHWAVE
OBJECT MODULE PLACED IN .\Objects\SawtoothWave.obj
COMPILER INVOKED BY: C:\Keil_v5\C51\BIN\C51.EXE SawtoothWave.c OPTIMIZE(8,SPEED) BROWSE DEBUG OBJECTEXTEND PRINT(.\Listi
                    -ngs\SawtoothWave.lst) TABS(2) OBJECT(.\Objects\SawtoothWave.obj)

line level    source

   1          #include<reg51.h>
   2          void mydelay(unsigned int time){
   3   1        unsigned int i,j;
   4   1        for(i=0;i<time;i++){
   5   2          for(j=0;j<1000;j++);
   6   2        }
   7   1      }
   8          void main (void){
   9   1          int i;
  10   1          while(1){
  11   2          for(i=0;i<256;i++){
  12   3          P2= i;
  13   3          mydelay(1);
  14   3        }}
  15   1      }


MODULE INFORMATION:   STATIC OVERLAYABLE
   CODE SIZE        =     57    ----
   CONSTANT SIZE    =   ----    ----
   XDATA SIZE       =   ----    ----
   PDATA SIZE       =   ----    ----
   DATA SIZE        =   ----    ----
   IDATA SIZE       =   ----    ----
   BIT SIZE         =   ----    ----
END OF MODULE INFORMATION.


C51 COMPILATION COMPLETE.  0 WARNING(S),  0 ERROR(S)
