C51 COMPILER V9.60.0.0   SINWAVE                                                           12/18/2021 06:24:38 PAGE 1   


C51 COMPILER V9.60.0.0, COMPILATION OF MODULE SINWAVE
OBJECT MODULE PLACED IN .\Objects\SinWave.obj
COMPILER INVOKED BY: C:\Keil_v5\C51\BIN\C51.EXE SinWave.c OPTIMIZE(8,SPEED) BROWSE DEBUG OBJECTEXTEND PRINT(.\Listings\S
                    -inWave.lst) TABS(2) OBJECT(.\Objects\SinWave.obj)

line level    source

   1          #include<reg51.h>
   2          void mydelay(unsigned int time){
   3   1        unsigned int i,j;
   4   1        for(i=0;i<time;i++){
   5   2          for(j=0;j<1200;j++);
   6   2        }
   7   1      }
   8          void main (void){
   9   1        unsigned int v[]={128,192,238,255,238,192,128,64,17,0,17,64};
  10   1        int i;
  11   1        while(1){
  12   2        for(i=0;i<12;i++){
  13   3          P2= v[i];
  14   3          mydelay(10);
  15   3        }}
  16   1      }


MODULE INFORMATION:   STATIC OVERLAYABLE
   CODE SIZE        =     84    ----
   CONSTANT SIZE    =     24    ----
   XDATA SIZE       =   ----    ----
   PDATA SIZE       =   ----    ----
   DATA SIZE        =   ----      24
   IDATA SIZE       =   ----    ----
   BIT SIZE         =   ----    ----
END OF MODULE INFORMATION.


C51 COMPILATION COMPLETE.  0 WARNING(S),  0 ERROR(S)
