C51 COMPILER V9.60.0.0   TRIANGULARWAVE                                                    12/18/2021 06:23:12 PAGE 1   


C51 COMPILER V9.60.0.0, COMPILATION OF MODULE TRIANGULARWAVE
OBJECT MODULE PLACED IN .\Objects\TriangularWave.obj
COMPILER INVOKED BY: C:\Keil_v5\C51\BIN\C51.EXE TriangularWave.c OPTIMIZE(8,SPEED) BROWSE DEBUG OBJECTEXTEND PRINT(.\Lis
                    -tings\TriangularWave.lst) TABS(2) OBJECT(.\Objects\TriangularWave.obj)

line level    source

   1          #include<reg51.h>
   2          void mydelay(unsigned int time){
   3   1        unsigned int i,j;
   4   1        for(i=0;i<time;i++){
   5   2          for(j=0;j<1000;j++);
   6   2        }
   7   1      }
   8          void main (void){
   9   1        while(1){
  10   2          int i,j=1;
  11   2          for(i=0;1;i+=j){
  12   3          if(i==256||i==-1){j = -j;continue;}
  13   3          P2= i;
  14   3          mydelay(1);
  15   3        }}
  16   1      }


MODULE INFORMATION:   STATIC OVERLAYABLE
   CODE SIZE        =    100    ----
   CONSTANT SIZE    =   ----    ----
   XDATA SIZE       =   ----    ----
   PDATA SIZE       =   ----    ----
   DATA SIZE        =   ----       4
   IDATA SIZE       =   ----    ----
   BIT SIZE         =   ----    ----
END OF MODULE INFORMATION.


C51 COMPILATION COMPLETE.  0 WARNING(S),  0 ERROR(S)
