C51 COMPILER V9.60.0.0   MEM1                                                              11/24/2021 18:39:43 PAGE 1   


C51 COMPILER V9.60.0.0, COMPILATION OF MODULE MEM1
OBJECT MODULE PLACED IN .\Objects\mem1.obj
COMPILER INVOKED BY: C:\Keil_v5\C51\BIN\C51.EXE mem1.c OPTIMIZE(8,SPEED) BROWSE DEBUG OBJECTEXTEND PRINT(.\Listings\mem1
                    -.lst) TABS(2) OBJECT(.\Objects\mem1.obj)

line level    source

   1          #include<reg51.h> 
   2          void main(void) 
   3          {
   4   1        unsigned char *ptr=0x0040; 
   5   1        unsigned char *ptr1=0x0050;
   6   1        unsigned char x;
   7   1        for(x=0;x<10;x++){
   8   2          *(ptr1+x)=*(ptr+x);
   9   2        } 
  10   1      }
  11            


MODULE INFORMATION:   STATIC OVERLAYABLE
   CODE SIZE        =     62    ----
   CONSTANT SIZE    =   ----    ----
   XDATA SIZE       =   ----    ----
   PDATA SIZE       =   ----    ----
   DATA SIZE        =   ----       6
   IDATA SIZE       =   ----    ----
   BIT SIZE         =   ----    ----
END OF MODULE INFORMATION.


C51 COMPILATION COMPLETE.  0 WARNING(S),  0 ERROR(S)
