C51 COMPILER V9.60.0.0   NON_OVERLAPING                                                    12/24/2021 03:30:54 PAGE 1   


C51 COMPILER V9.60.0.0, COMPILATION OF MODULE NON_OVERLAPING
OBJECT MODULE PLACED IN .\Objects\non overlaping.obj
COMPILER INVOKED BY: C:\Keil_v5\C51\BIN\C51.EXE non overlaping.c OPTIMIZE(8,SPEED) BROWSE DEBUG OBJECTEXTEND PRINT(.\Lis
                    -tings\non overlaping.lst) TABS(2) OBJECT(.\Objects\non overlaping.obj)

line level    source

   1          #include<reg51.h> 
   2          void main(void) 
   3          {
   4   1        unsigned char *ptr=0x40; 
   5   1        unsigned char x;
   6   1        for(x=0;x<4;x++){
   7   2          *(ptr-2+x)= *(ptr+x);
   8   2        } 
   9   1      }


MODULE INFORMATION:   STATIC OVERLAYABLE
   CODE SIZE        =     65    ----
   CONSTANT SIZE    =   ----    ----
   XDATA SIZE       =   ----    ----
   PDATA SIZE       =   ----    ----
   DATA SIZE        =   ----       4
   IDATA SIZE       =   ----    ----
   BIT SIZE         =   ----    ----
END OF MODULE INFORMATION.


C51 COMPILATION COMPLETE.  0 WARNING(S),  0 ERROR(S)
