C51 COMPILER V9.60.0.0   LED8COUNTER                                                       12/28/2021 08:47:41 PAGE 1   


C51 COMPILER V9.60.0.0, COMPILATION OF MODULE LED8COUNTER
OBJECT MODULE PLACED IN .\Objects\led8counter.obj
COMPILER INVOKED BY: C:\Keil_v5\C51\BIN\C51.EXE led8counter.c OPTIMIZE(8,SPEED) BROWSE DEBUG OBJECTEXTEND PRINT(.\Listin
                    -gs\led8counter.lst) TABS(2) OBJECT(.\Objects\led8counter.obj)

line level    source

   1          #include<reg51.h>
   2          void mydelay(unsigned int time){
   3   1        unsigned int i,j;
   4   1        for(i=0;i<time;i++){
   5   2          for(j=0;j<1000;j++);
   6   2        }
   7   1      }
   8          void main (void){
   9   1        while(1){
  10   2          int i;
  11   2          int a = 0x00;
  12   2          for(i=0;i<=256;i++){
  13   3          P2= a;
  14   3          mydelay(80);
  15   3          a= a+1;
  16   3        }}
  17   1      }


MODULE INFORMATION:   STATIC OVERLAYABLE
   CODE SIZE        =     80    ----
   CONSTANT SIZE    =   ----    ----
   XDATA SIZE       =   ----    ----
   PDATA SIZE       =   ----    ----
   DATA SIZE        =   ----       4
   IDATA SIZE       =   ----    ----
   BIT SIZE         =   ----    ----
END OF MODULE INFORMATION.


C51 COMPILATION COMPLETE.  0 WARNING(S),  0 ERROR(S)
