C51 COMPILER V9.60.0.0   LED8BCDCOUNTER                                                    12/28/2021 08:50:52 PAGE 1   


C51 COMPILER V9.60.0.0, COMPILATION OF MODULE LED8BCDCOUNTER
OBJECT MODULE PLACED IN .\Objects\led8BCDcounter.obj
COMPILER INVOKED BY: C:\Keil_v5\C51\BIN\C51.EXE led8BCDcounter.c OPTIMIZE(8,SPEED) BROWSE DEBUG OBJECTEXTEND PRINT(.\Lis
                    -tings\led8BCDcounter.lst) TABS(2) OBJECT(.\Objects\led8BCDcounter.obj)

line level    source

   1          #include<reg51.h>
   2          void mydelay(unsigned int time){
   3   1        unsigned int i,j;
   4   1        for(i=0;i<time;i++){
   5   2          for(j=0;j<1000;j++);
   6   2        }
   7   1      }
   8          void main (void){
   9   1        while(1){
  10   2          int i,j;
  11   2          int a = 0x00;
  12   2          for(i=0;i<10;i++){
  13   3          for(j=0;j<10;j++){
  14   4          P2= a;
  15   4          mydelay(80);
  16   4          a= a+1;
  17   4        }
  18   3          a=a+0x06;}}
  19   1      }


MODULE INFORMATION:   STATIC OVERLAYABLE
   CODE SIZE        =    115    ----
   CONSTANT SIZE    =   ----    ----
   XDATA SIZE       =   ----    ----
   PDATA SIZE       =   ----    ----
   DATA SIZE        =   ----       6
   IDATA SIZE       =   ----    ----
   BIT SIZE         =   ----    ----
END OF MODULE INFORMATION.


C51 COMPILATION COMPLETE.  0 WARNING(S),  0 ERROR(S)
