C51 COMPILER V9.60.0.0   M7SEG                                                             12/23/2021 09:54:06 PAGE 1   


C51 COMPILER V9.60.0.0, COMPILATION OF MODULE M7SEG
OBJECT MODULE PLACED IN .\Objects\M7seg.obj
COMPILER INVOKED BY: C:\Keil_v5\C51\BIN\C51.EXE M7seg.c OPTIMIZE(8,SPEED) BROWSE DEBUG OBJECTEXTEND PRINT(.\Listings\M7s
                    -eg.lst) TABS(2) OBJECT(.\Objects\M7seg.obj)

line level    source

   1          #include<reg51.h>
   2          void mydelay(unsigned int time){
   3   1        unsigned int i,j;
   4   1        for(i=0;i<time;i++){
   5   2          for(j=0;j<1000;j++);
   6   2        }   
   7   1      }
   8          void main (void){
   9   1        int i,j;
  10   1          unsigned int m[]={0x3F,0x06,0x5B,0x4F,0x66,0x6D,0x7D,0x07,0x7F,0x67};
  11   1          while(1){
  12   2            for(i=0; i<10;i++){
  13   3              for(j=0;j<10;j++){
  14   4                P3=1;
  15   4                P2=m[j];
  16   4                mydelay(20);
  17   4                P3=2;
  18   4                P2=m[i];
  19   4                mydelay(20);
  20   4              }
  21   3            }
  22   2          }
  23   1      }     


MODULE INFORMATION:   STATIC OVERLAYABLE
   CODE SIZE        =    128    ----
   CONSTANT SIZE    =     20    ----
   XDATA SIZE       =   ----    ----
   PDATA SIZE       =   ----    ----
   DATA SIZE        =   ----      22
   IDATA SIZE       =   ----    ----
   BIT SIZE         =   ----    ----
END OF MODULE INFORMATION.


C51 COMPILATION COMPLETE.  0 WARNING(S),  0 ERROR(S)
